Script started at Tue Feb  4 12:54:00 AM WITA 2025
Reminder triggered at Tue Feb  4 12:54:00 AM WITA 2025
Script started at Tue Feb  4 09:48:14 AM WITA 2025
Reminder triggered at Tue Feb  4 09:48:14 AM WITA 2025
Reminder triggered at Tue Feb  4 10:48:23 AM WITA 2025
Reminder triggered at Tue Feb  4 12:00:47 PM WITA 2025
Reminder triggered at Tue Feb  4 04:18:28 PM WITA 2025
Reminder triggered at Tue Feb  4 06:16:07 PM WITA 2025
Reminder triggered at Tue Feb  4 08:50:30 PM WITA 2025
Script started at Wed Feb  5 08:41:41 AM WITA 2025
Reminder triggered at Wed Feb  5 08:41:41 AM WITA 2025
Reminder triggered at Wed Feb  5 09:42:01 AM WITA 2025
Reminder triggered at Wed Feb  5 11:26:38 AM WITA 2025
Script started at Thu Feb  6 12:33:58 AM WITA 2025
Reminder triggered at Thu Feb  6 12:33:58 AM WITA 2025
Reminder triggered at Wed Feb  5 05:34:01 PM WITA 2025
Script started at Wed Feb  5 08:26:24 PM WITA 2025
Reminder triggered at Wed Feb  5 08:26:24 PM WITA 2025
Reminder triggered at Wed Feb  5 09:26:29 PM WITA 2025
Script started at Wed Feb  5 10:27:48 PM WITA 2025
Reminder triggered at Wed Feb  5 10:27:48 PM WITA 2025
